F:\C++\HUI\HUI\DEBUG\BASE.OBJ
F:\C++\HUI\HUI\DEBUG\CONTAINER.OBJ
F:\C++\HUI\HUI\DEBUG\CONTROL.OBJ
F:\C++\HUI\HUI\DEBUG\RENDER.OBJ
F:\C++\HUI\HUI\DEBUG\RESOURCE.OBJ
F:\C++\HUI\HUI\DEBUG\UTILS.OBJ
F:\C++\HUI\HUI\DEBUG\WINDOW.OBJ
F:\C++\HUI\HUI\DEBUG\VC110.PDB
F:\C++\HUI\HUI\Debug\base.obj
F:\C++\HUI\HUI\Debug\container.obj
F:\C++\HUI\HUI\Debug\control.obj
F:\C++\HUI\HUI\Debug\render.obj
F:\C++\HUI\HUI\Debug\resource.obj
F:\C++\HUI\HUI\Debug\utils.obj
F:\C++\HUI\HUI\Debug\window.obj
F:\C++\HUI\HUI\Debug\cl.command.1.tlog
F:\C++\HUI\HUI\Debug\CL.read.1.tlog
F:\C++\HUI\HUI\Debug\CL.write.1.tlog
F:\C++\HUI\HUI\Debug\vc110.idb
F:\C++\HUI\HUI\Debug\vc110.pdb
